<?xml version="1.0" encoding="UTF-8" ?>
<testsuite tests="7" failures="0" name="mao.LogbackTest" time="0.086" errors="0" skipped="0">
  <properties>
[...]
</properties>
  <testcase classname="mao.LogbackTest" name="mao.LogbackTest.test4" time="0.085"/>
  <testcase classname="mao.LogbackTest" name="mao.LogbackTest.test2" time="0.001"/>
  <testcase classname="mao.LogbackTest" name="mao.LogbackTest.test1" time="0"/>
  <testcase classname="mao.LogbackTest" name="mao.LogbackTest.test3" time="0"/>
  <testcase classname="mao.LogbackTest" name="mao.LogbackTest.test5" time="0"/>
  <testcase classname="mao.LogbackTest" name="mao.LogbackTest.test6" time="0"/>
  <testcase classname="mao.LogbackTest" name="mao.LogbackTest.test7" time="0"/>
</testsuite>